[35m[Appium][39m Welcome to Appium v1.22.3
[35m[Appium][39m Non-default server args:
[35m[Appium][39m   port: 58820
[35m[Appium][39m   loglevel: info
[35m[Appium][39m   tmpDir: /var/folders/59/v60lptnx5f19xtwxjpx7twy80000gn/T//Katalon/Appium/Temp1715944849917
[35m[Appium][39m   chromedriverPort: 58821
[35m[Appium][39m Deprecated server args:
[35m[Appium][39m   [31m--chromedriver-port[39m => --default-capabilities
[35m[Appium][39m Default capabilities, which will be added to each request unless overridden by desired capabilities:
[35m[Appium][39m   chromedriverPort: 58821
[35m[Appium][39m Appium REST http interface listener started on 0.0.0.0:58820
[35m[HTTP][39m [37m-->[39m [37mGET[39m [37m/wd/hub/status[39m
[35m[HTTP][39m [90m{}[39m
[35m[HTTP][39m [37m<-- GET /wd/hub/status [39m[32m200[39m [90m3 ms - 68[39m
[35m[HTTP][39m [90m[39m
[35m[HTTP][39m [37m-->[39m [37mGET[39m [37m/wd/hub/status[39m
[35m[HTTP][39m [90m{}[39m
[35m[HTTP][39m [37m<-- GET /wd/hub/status [39m[32m200[39m [90m0 ms - 68[39m
[35m[HTTP][39m [90m[39m
[35m[HTTP][39m [37m-->[39m [37mPOST[39m [37m/wd/hub/session[39m
[35m[HTTP][39m [90m{"desiredCapabilities":{"app":"/Users/annisa/Downloads/android.wdio.native.app.v1.0.8.apk","noReset":true,"deviceName":"Genymobile A10 (Android 11)","fullReset":false,"platform":"ANDROID","newCommandTimeout":1800,"platformVersion":"11","automationName":"uiautomator2","autoGrantPermissions":true,"platformName":"Android","udid":"127.0.0.1:6555","systemPort":58833},"capabilities":{"firstMatch":[{"appium:app":"/Users/annisa/Downloads/android.wdio.native.app.v1.0.8.apk","appium:autoGrantPermissions":true,"appium:automationName":"uiautomator2","appium:deviceName":"Genymobile A10 (Android 11)","appium:fullReset":false,"appium:newCommandTimeout":1800,"appium:noReset":true,"platform":"ANDROID","platformName":"android","appium:platformVersion":"11","appium:systemPort":58833,"appium:udid":"127.0.0.1:6555"}]}}[39m
[35m[BaseDriver][39m The following capabilities are not standard capabilities and should have an extension prefix:
[35m[BaseDriver][39m   platform
[35m[BaseDriver][39m   chromedriverPort
[35m[Appium][39m Appium v1.22.3 creating new AndroidUiautomator2Driver (v1.70.1) session
[35m[BaseDriver][39m The following capabilities were provided, but are not recognized by Appium:
[35m[BaseDriver][39m   platform
[35m[BaseDriver][39m Session created with session id: c9692e74-f52a-4b0d-9df7-f9439d573d3a
[35m[BaseDriver][39m Using local app '/Users/annisa/Downloads/android.wdio.native.app.v1.0.8.apk'
[35m[ADB][39m Found 1 'build-tools' folders under '/Users/annisa/.katalon/tools/android_sdk' (newest first):
[35m[ADB][39m     /Users/annisa/.katalon/tools/android_sdk/build-tools/29.0.3
[35m[ADB][39m Using 'adb' from '/Users/annisa/.katalon/tools/android_sdk/platform-tools/adb'
[35m[AndroidDriver][39m Retrieving device list
[35m[AndroidDriver][39m Using device: 127.0.0.1:6555
[35m[ADB][39m Using 'adb' from '/Users/annisa/.katalon/tools/android_sdk/platform-tools/adb'
[35m[ADB][39m Getting device platform version
[35m[UiAutomator2][39m Relaxing hidden api policy
[35m[ADB][39m Package name: 'com.wdiodemoapp'
[35m[ADB][39m Main activity name: 'com.wdiodemoapp.MainActivity'
[35m[UiAutomator2][39m Server package at '/usr/local/lib/node_modules/appium/node_modules/appium-uiautomator2-server/apks/appium-uiautomator2-server-v4.27.0.apk' is not writeable. Will copy it into the temporary location at '/var/folders/59/v60lptnx5f19xtwxjpx7twy80000gn/T/Katalon/Appium/Temp1715944849917/2024417-60590-1vpo2aq.8ynl' as a workaround. Consider making this file writeable manually in order to improve the performance of session startup.
[35m[UiAutomator2][39m Server package at '/usr/local/lib/node_modules/appium/node_modules/appium-uiautomator2-server/apks/appium-uiautomator2-server-debug-androidTest.apk' is not writeable. Will copy it into the temporary location at '/var/folders/59/v60lptnx5f19xtwxjpx7twy80000gn/T/Katalon/Appium/Temp1715944849917/2024417-60590-1vpo2aq.8ynl' as a workaround. Consider making this file writeable manually in order to improve the performance of session startup.
[35m[ADB][39m Using 'apksigner.jar' from '/Users/annisa/.katalon/tools/android_sdk/build-tools/29.0.3/lib/apksigner.jar'
[35m[ADB][39m '/var/folders/59/v60lptnx5f19xtwxjpx7twy80000gn/T/Katalon/Appium/Temp1715944849917/2024417-60590-1vpo2aq.8ynl/appium-uiautomator2-server-v4.27.0.apk' is signed with the default certificate
[35m[ADB][39m '/var/folders/59/v60lptnx5f19xtwxjpx7twy80000gn/T/Katalon/Appium/Temp1715944849917/2024417-60590-1vpo2aq.8ynl/appium-uiautomator2-server-debug-androidTest.apk' is signed with the default certificate
[35m[UiAutomator2][39m Server packages are not going to be (re)installed
[35m[ADB][39m Adding packages ["io.appium.settings","io.appium.uiautomator2.server","io.appium.uiautomator2.server.test"] to Doze whitelist
[35m[ADB][39m '/Users/annisa/Downloads/android.wdio.native.app.v1.0.8.apk' is signed with a non-default certificate
[35m[ADB][39m The application at '/Users/annisa/Downloads/android.wdio.native.app.v1.0.8.apk' will not be cached, because the device under test has confirmed the support of streamed installs
[35m[ADB][39m The installation of 'android.wdio.native.app.v1.0.8.apk' took 284ms
[35m[UiAutomator2][39m Starting UIAutomator2 server 4.27.0
[35m[UiAutomator2][39m Using UIAutomator2 server from '/usr/local/lib/node_modules/appium/node_modules/appium-uiautomator2-server/apks/appium-uiautomator2-server-v4.27.0.apk' and test from '/usr/local/lib/node_modules/appium/node_modules/appium-uiautomator2-server/apks/appium-uiautomator2-server-debug-androidTest.apk'
[35m[UiAutomator2][39m Waiting up to 30000ms for UiAutomator2 to be online...
[35m[WD Proxy][39m socket hang up
[35m[WD Proxy][39m socket hang up
[35m[WD Proxy][39m Determined the downstream protocol as 'W3C'
[35m[AndroidDriver][39m Screen already unlocked, doing nothing
[35m[UiAutomator2][39m Starting 'com.wdiodemoapp/com.wdiodemoapp.MainActivity and waiting for 'com.wdiodemoapp/com.wdiodemoapp.MainActivity'
[35m[Appium][39m New AndroidUiautomator2Driver session created successfully, session c9692e74-f52a-4b0d-9df7-f9439d573d3a added to master session list
[35m[HTTP][39m [37m<-- POST /wd/hub/session [39m[32m200[39m [90m5687 ms - 1273[39m
[35m[HTTP][39m [90m[39m
[35m[HTTP][39m [37m-->[39m [37mGET[39m [37m/wd/hub/session/c9692e74-f52a-4b0d-9df7-f9439d573d3a[39m
[35m[HTTP][39m [90m{}[39m
[35m[HTTP][39m [37m<-- GET /wd/hub/session/c9692e74-f52a-4b0d-9df7-f9439d573d3a [39m[32m200[39m [90m4 ms - 1227[39m
[35m[HTTP][39m [90m[39m
[35m[HTTP][39m [37m-->[39m [37mGET[39m [37m/wd/hub/session/c9692e74-f52a-4b0d-9df7-f9439d573d3a[39m
[35m[HTTP][39m [90m{}[39m
[35m[HTTP][39m [37m<-- GET /wd/hub/session/c9692e74-f52a-4b0d-9df7-f9439d573d3a [39m[32m200[39m [90m5 ms - 1227[39m
[35m[HTTP][39m [90m[39m
[35m[HTTP][39m [37m-->[39m [37mGET[39m [37m/wd/hub/status[39m
[35m[HTTP][39m [90m{}[39m
[35m[HTTP][39m [37m<-- GET /wd/hub/status [39m[32m200[39m [90m1 ms - 68[39m
[35m[HTTP][39m [90m[39m
[35m[HTTP][39m [37m-->[39m [37mPOST[39m [37m/wd/hub/session/c9692e74-f52a-4b0d-9df7-f9439d573d3a/timeouts[39m
[35m[HTTP][39m [90m{"implicit":60000}[39m
[35m[HTTP][39m [37m<-- POST /wd/hub/session/c9692e74-f52a-4b0d-9df7-f9439d573d3a/timeouts [39m[32m200[39m [90m2 ms - 14[39m
[35m[HTTP][39m [90m[39m
[35m[HTTP][39m [37m-->[39m [37mGET[39m [37m/wd/hub/session/c9692e74-f52a-4b0d-9df7-f9439d573d3a/source[39m
[35m[HTTP][39m [90m{}[39m
[35m[W3C (c9692e74)][39m Driver proxy active, passing request on via HTTP proxy
[35m[WD Proxy][39m Replacing sessionId 6bba5b7a-1567-4263-ac3c-e4cc3503c290 with c9692e74-f52a-4b0d-9df7-f9439d573d3a
[35m[HTTP][39m [37m<-- GET /wd/hub/session/c9692e74-f52a-4b0d-9df7-f9439d573d3a/source [39m[32m200[39m [90m677 ms - 17611[39m
[35m[HTTP][39m [90m[39m
[35m[HTTP][39m [37m-->[39m [37mGET[39m [37m/wd/hub/session/c9692e74-f52a-4b0d-9df7-f9439d573d3a/screenshot[39m
[35m[HTTP][39m [90m{}[39m
[35m[HTTP][39m [37m<-- GET /wd/hub/session/c9692e74-f52a-4b0d-9df7-f9439d573d3a/screenshot [39m[32m200[39m [90m131 ms - 112986[39m
[35m[HTTP][39m [90m[39m
[35m[HTTP][39m [37m-->[39m [37mPOST[39m [37m/wd/hub/session/c9692e74-f52a-4b0d-9df7-f9439d573d3a/elements[39m
[35m[HTTP][39m [90m{"using":"xpath","value":"//*[@class = 'android.view.View' and (@text = '' or . = '')]"}[39m
[35m[HTTP][39m [37m<-- POST /wd/hub/session/c9692e74-f52a-4b0d-9df7-f9439d573d3a/elements [39m[32m200[39m [90m131 ms - 907[39m
[35m[HTTP][39m [90m[39m
[35m[HTTP][39m [37m-->[39m [37mPOST[39m [37m/wd/hub/session/c9692e74-f52a-4b0d-9df7-f9439d573d3a/elements[39m
[35m[HTTP][39m [90m{"using":"accessibility id","value":"Forms"}[39m
[35m[HTTP][39m [37m<-- POST /wd/hub/session/c9692e74-f52a-4b0d-9df7-f9439d573d3a/elements [39m[32m200[39m [90m11 ms - 139[39m
[35m[HTTP][39m [90m[39m
[35m[HTTP][39m [37m-->[39m [37mGET[39m [37m/wd/hub/session/c9692e74-f52a-4b0d-9df7-f9439d573d3a/window/rect[39m
[35m[HTTP][39m [90m{}[39m
[35m[HTTP][39m [37m<-- GET /wd/hub/session/c9692e74-f52a-4b0d-9df7-f9439d573d3a/window/rect [39m[32m200[39m [90m6 ms - 49[39m
[35m[HTTP][39m [90m[39m
[35m[HTTP][39m [37m-->[39m [37mPOST[39m [37m/wd/hub/session/c9692e74-f52a-4b0d-9df7-f9439d573d3a/elements[39m
[35m[HTTP][39m [90m{"using":"accessibility id","value":"Forms"}[39m
[35m[HTTP][39m [37m<-- POST /wd/hub/session/c9692e74-f52a-4b0d-9df7-f9439d573d3a/elements [39m[32m200[39m [90m10 ms - 139[39m
[35m[HTTP][39m [90m[39m
[35m[HTTP][39m [37m-->[39m [37mGET[39m [37m/wd/hub/session/c9692e74-f52a-4b0d-9df7-f9439d573d3a/element/00000000-0000-007c-ffff-ffff00000031/location[39m
[35m[HTTP][39m [90m{}[39m
[35m[W3C (c9692e74)][39m Driver proxy active, passing request on via HTTP proxy
[35m[WD Proxy][39m Replacing sessionId 6bba5b7a-1567-4263-ac3c-e4cc3503c290 with c9692e74-f52a-4b0d-9df7-f9439d573d3a
[35m[HTTP][39m [37m<-- GET /wd/hub/session/c9692e74-f52a-4b0d-9df7-f9439d573d3a/element/00000000-0000-007c-ffff-ffff00000031/location [39m[32m200[39m [90m5 ms - 79[39m
[35m[HTTP][39m [90m[39m
[35m[HTTP][39m [37m-->[39m [37mPOST[39m [37m/wd/hub/session/c9692e74-f52a-4b0d-9df7-f9439d573d3a/element/00000000-0000-007c-ffff-ffff00000031/click[39m
[35m[HTTP][39m [90m{"id":"00000000-0000-007c-ffff-ffff00000031"}[39m
[35m[HTTP][39m [37m<-- POST /wd/hub/session/c9692e74-f52a-4b0d-9df7-f9439d573d3a/element/00000000-0000-007c-ffff-ffff00000031/click [39m[32m200[39m [90m30 ms - 14[39m
[35m[HTTP][39m [90m[39m
[35m[HTTP][39m [37m-->[39m [37mGET[39m [37m/wd/hub/session/c9692e74-f52a-4b0d-9df7-f9439d573d3a/source[39m
[35m[HTTP][39m [90m{}[39m
[35m[W3C (c9692e74)][39m Driver proxy active, passing request on via HTTP proxy
[35m[WD Proxy][39m Replacing sessionId 6bba5b7a-1567-4263-ac3c-e4cc3503c290 with c9692e74-f52a-4b0d-9df7-f9439d573d3a
[35m[HTTP][39m [37m<-- GET /wd/hub/session/c9692e74-f52a-4b0d-9df7-f9439d573d3a/source [39m[32m200[39m [90m250 ms - 28486[39m
[35m[HTTP][39m [90m[39m
[35m[HTTP][39m [37m-->[39m [37mGET[39m [37m/wd/hub/session/c9692e74-f52a-4b0d-9df7-f9439d573d3a/screenshot[39m
[35m[HTTP][39m [90m{}[39m
[35m[HTTP][39m [37m<-- GET /wd/hub/session/c9692e74-f52a-4b0d-9df7-f9439d573d3a/screenshot [39m[32m200[39m [90m116 ms - 89336[39m
[35m[HTTP][39m [90m[39m
[35m[HTTP][39m [37m-->[39m [37mPOST[39m [37m/wd/hub/session/c9692e74-f52a-4b0d-9df7-f9439d573d3a/elements[39m
[35m[HTTP][39m [90m{"using":"xpath","value":"//*[@class = 'android.widget.TextView' and (@text = 'You have typed:' or . = 'You have typed:')]"}[39m
[35m[HTTP][39m [37m<-- POST /wd/hub/session/c9692e74-f52a-4b0d-9df7-f9439d573d3a/elements [39m[32m200[39m [90m90 ms - 139[39m
[35m[HTTP][39m [90m[39m
[35m[HTTP][39m [37m-->[39m [37mPOST[39m [37m/wd/hub/session/c9692e74-f52a-4b0d-9df7-f9439d573d3a/elements[39m
[35m[HTTP][39m [90m{"using":"xpath","value":"//*[@class = 'android.widget.TextView' and (@text = 'Click to turn the switch ON' or . = 'Click to turn the switch ON')]"}[39m
[35m[HTTP][39m [37m<-- POST /wd/hub/session/c9692e74-f52a-4b0d-9df7-f9439d573d3a/elements [39m[32m200[39m [90m57 ms - 139[39m
[35m[HTTP][39m [90m[39m
[35m[HTTP][39m [37m-->[39m [37mGET[39m [37m/wd/hub/session/c9692e74-f52a-4b0d-9df7-f9439d573d3a/source[39m
[35m[HTTP][39m [90m{}[39m
[35m[W3C (c9692e74)][39m Driver proxy active, passing request on via HTTP proxy
[35m[WD Proxy][39m Replacing sessionId 6bba5b7a-1567-4263-ac3c-e4cc3503c290 with c9692e74-f52a-4b0d-9df7-f9439d573d3a
[35m[HTTP][39m [37m<-- GET /wd/hub/session/c9692e74-f52a-4b0d-9df7-f9439d573d3a/source [39m[32m200[39m [90m40 ms - 28486[39m
[35m[HTTP][39m [90m[39m
[35m[HTTP][39m [37m-->[39m [37mGET[39m [37m/wd/hub/session/c9692e74-f52a-4b0d-9df7-f9439d573d3a/screenshot[39m
[35m[HTTP][39m [90m{}[39m
[35m[HTTP][39m [37m<-- GET /wd/hub/session/c9692e74-f52a-4b0d-9df7-f9439d573d3a/screenshot [39m[32m200[39m [90m127 ms - 89336[39m
[35m[HTTP][39m [90m[39m
[35m[HTTP][39m [37m-->[39m [37mPOST[39m [37m/wd/hub/session/c9692e74-f52a-4b0d-9df7-f9439d573d3a/elements[39m
[35m[HTTP][39m [90m{"using":"xpath","value":"//*[@class = 'android.widget.Switch' and (@text = '' or . = '')]"}[39m
[35m[HTTP][39m [37m<-- POST /wd/hub/session/c9692e74-f52a-4b0d-9df7-f9439d573d3a/elements [39m[32m200[39m [90m70 ms - 139[39m
[35m[HTTP][39m [90m[39m
[35m[HTTP][39m [37m-->[39m [37mGET[39m [37m/wd/hub/session/c9692e74-f52a-4b0d-9df7-f9439d573d3a/window/rect[39m
[35m[HTTP][39m [90m{}[39m
[35m[HTTP][39m [37m<-- GET /wd/hub/session/c9692e74-f52a-4b0d-9df7-f9439d573d3a/window/rect [39m[32m200[39m [90m7 ms - 49[39m
[35m[HTTP][39m [90m[39m
[35m[HTTP][39m [37m-->[39m [37mPOST[39m [37m/wd/hub/session/c9692e74-f52a-4b0d-9df7-f9439d573d3a/elements[39m
[35m[HTTP][39m [90m{"using":"xpath","value":"//*[@class = 'android.widget.Switch' and (@text = '' or . = '')]"}[39m
[35m[HTTP][39m [37m<-- POST /wd/hub/session/c9692e74-f52a-4b0d-9df7-f9439d573d3a/elements [39m[32m200[39m [90m36 ms - 139[39m
[35m[HTTP][39m [90m[39m
[35m[HTTP][39m [37m-->[39m [37mGET[39m [37m/wd/hub/session/c9692e74-f52a-4b0d-9df7-f9439d573d3a/element/00000000-0000-007c-ffff-ffff00000059/location[39m
[35m[HTTP][39m [90m{}[39m
[35m[W3C (c9692e74)][39m Driver proxy active, passing request on via HTTP proxy
[35m[WD Proxy][39m Replacing sessionId 6bba5b7a-1567-4263-ac3c-e4cc3503c290 with c9692e74-f52a-4b0d-9df7-f9439d573d3a
[35m[HTTP][39m [37m<-- GET /wd/hub/session/c9692e74-f52a-4b0d-9df7-f9439d573d3a/element/00000000-0000-007c-ffff-ffff00000059/location [39m[32m200[39m [90m5 ms - 77[39m
[35m[HTTP][39m [90m[39m
[35m[HTTP][39m [37m-->[39m [37mPOST[39m [37m/wd/hub/session/c9692e74-f52a-4b0d-9df7-f9439d573d3a/element/00000000-0000-007c-ffff-ffff00000059/click[39m
[35m[HTTP][39m [90m{"id":"00000000-0000-007c-ffff-ffff00000059"}[39m
[35m[HTTP][39m [37m<-- POST /wd/hub/session/c9692e74-f52a-4b0d-9df7-f9439d573d3a/element/00000000-0000-007c-ffff-ffff00000059/click [39m[32m200[39m [90m36 ms - 14[39m
[35m[HTTP][39m [90m[39m
[35m[HTTP][39m [37m-->[39m [37mGET[39m [37m/wd/hub/session/c9692e74-f52a-4b0d-9df7-f9439d573d3a/source[39m
[35m[HTTP][39m [90m{}[39m
[35m[W3C (c9692e74)][39m Driver proxy active, passing request on via HTTP proxy
[35m[WD Proxy][39m Replacing sessionId 6bba5b7a-1567-4263-ac3c-e4cc3503c290 with c9692e74-f52a-4b0d-9df7-f9439d573d3a
[35m[HTTP][39m [37m<-- GET /wd/hub/session/c9692e74-f52a-4b0d-9df7-f9439d573d3a/source [39m[32m200[39m [90m170 ms - 28486[39m
[35m[HTTP][39m [90m[39m
[35m[HTTP][39m [37m-->[39m [37mGET[39m [37m/wd/hub/session/c9692e74-f52a-4b0d-9df7-f9439d573d3a/screenshot[39m
[35m[HTTP][39m [90m{}[39m
[35m[HTTP][39m [37m<-- GET /wd/hub/session/c9692e74-f52a-4b0d-9df7-f9439d573d3a/screenshot [39m[32m200[39m [90m157 ms - 89410[39m
[35m[HTTP][39m [90m[39m
[35m[HTTP][39m [37m-->[39m [37mPOST[39m [37m/wd/hub/session/c9692e74-f52a-4b0d-9df7-f9439d573d3a/elements[39m
[35m[HTTP][39m [90m{"using":"xpath","value":"//*[@class = 'android.widget.TextView' and (@text = 'Click to turn the switch OFF' or . = 'Click to turn the switch OFF')]"}[39m
[35m[HTTP][39m [37m<-- POST /wd/hub/session/c9692e74-f52a-4b0d-9df7-f9439d573d3a/elements [39m[32m200[39m [90m64 ms - 139[39m
[35m[HTTP][39m [90m[39m
[35m[HTTP][39m [37m-->[39m [37mPOST[39m [37m/wd/hub/session/c9692e74-f52a-4b0d-9df7-f9439d573d3a/elements[39m
[35m[HTTP][39m [90m{"using":"xpath","value":"//*[@class = 'android.widget.TextView' and (@text = 'Click to turn the switch OFF' or . = 'Click to turn the switch OFF')]"}[39m
[35m[HTTP][39m [37m<-- POST /wd/hub/session/c9692e74-f52a-4b0d-9df7-f9439d573d3a/elements [39m[32m200[39m [90m43 ms - 139[39m
[35m[HTTP][39m [90m[39m
[35m[HTTP][39m [37m-->[39m [37mGET[39m [37m/wd/hub/session/c9692e74-f52a-4b0d-9df7-f9439d573d3a/source[39m
[35m[HTTP][39m [90m{}[39m
[35m[W3C (c9692e74)][39m Driver proxy active, passing request on via HTTP proxy
[35m[WD Proxy][39m Replacing sessionId 6bba5b7a-1567-4263-ac3c-e4cc3503c290 with c9692e74-f52a-4b0d-9df7-f9439d573d3a
[35m[HTTP][39m [37m<-- GET /wd/hub/session/c9692e74-f52a-4b0d-9df7-f9439d573d3a/source [39m[32m200[39m [90m36 ms - 28486[39m
[35m[HTTP][39m [90m[39m
[35m[HTTP][39m [37m-->[39m [37mGET[39m [37m/wd/hub/session/c9692e74-f52a-4b0d-9df7-f9439d573d3a/screenshot[39m
[35m[HTTP][39m [90m{}[39m
[35m[HTTP][39m [37m<-- GET /wd/hub/session/c9692e74-f52a-4b0d-9df7-f9439d573d3a/screenshot [39m[32m200[39m [90m103 ms - 89410[39m
[35m[HTTP][39m [90m[39m
[35m[HTTP][39m [37m-->[39m [37mDELETE[39m [37m/wd/hub/session/c9692e74-f52a-4b0d-9df7-f9439d573d3a[39m
[35m[HTTP][39m [90m{}[39m
[35m[Appium][39m Removing session c9692e74-f52a-4b0d-9df7-f9439d573d3a from our master session list
[35m[UiAutomator2][39m Restoring hidden api policy to the device default configuration
[35m[HTTP][39m [37m<-- DELETE /wd/hub/session/c9692e74-f52a-4b0d-9df7-f9439d573d3a [39m[32m200[39m [90m399 ms - 14[39m
[35m[HTTP][39m [90m[39m
[35m[Appium][39m Received SIGTERM - shutting down
